{"/home/mohammad/class_addvance/bearer-auth/src/server.js": {"path":"/home/mohammad/class_addvance/bearer-auth/src/server.js","statementMap":{"0":{"start":{"line":3,"column":16},"end":{"line":3,"column":34}},"1":{"start":{"line":4,"column":15},"end":{"line":4,"column":32}},"2":{"start":{"line":8,"column":12},"end":{"line":8,"column":21}},"3":{"start":{"line":9,"column":0},"end":{"line":9,"column":24}},"4":{"start":{"line":12,"column":21},"end":{"line":12,"column":46}},"5":{"start":{"line":13,"column":17},"end":{"line":13,"column":42}},"6":{"start":{"line":14,"column":14},"end":{"line":14,"column":51}},"7":{"start":{"line":15,"column":15},"end":{"line":15,"column":53}},"8":{"start":{"line":16,"column":14},"end":{"line":16,"column":47}},"9":{"start":{"line":20,"column":0},"end":{"line":34,"column":3}},"10":{"start":{"line":21,"column":4},"end":{"line":33,"column":5}},"11":{"start":{"line":22,"column":23},"end":{"line":22,"column":40}},"12":{"start":{"line":23,"column":23},"end":{"line":23,"column":63}},"13":{"start":{"line":25,"column":23},"end":{"line":28,"column":10}},"14":{"start":{"line":29,"column":8},"end":{"line":29,"column":37}},"15":{"start":{"line":32,"column":8},"end":{"line":32,"column":40}},"16":{"start":{"line":36,"column":0},"end":{"line":38,"column":3}},"17":{"start":{"line":37,"column":4},"end":{"line":37,"column":35}},"18":{"start":{"line":40,"column":0},"end":{"line":48,"column":3}},"19":{"start":{"line":41,"column":4},"end":{"line":47,"column":5}},"20":{"start":{"line":42,"column":24},"end":{"line":42,"column":45}},"21":{"start":{"line":43,"column":8},"end":{"line":43,"column":38}},"22":{"start":{"line":46,"column":8},"end":{"line":46,"column":23}},"23":{"start":{"line":50,"column":0},"end":{"line":55,"column":3}},"24":{"start":{"line":51,"column":4},"end":{"line":54,"column":6}},"25":{"start":{"line":58,"column":0},"end":{"line":58,"column":18}},"26":{"start":{"line":59,"column":0},"end":{"line":59,"column":22}},"27":{"start":{"line":61,"column":0},"end":{"line":68,"column":2}},"28":{"start":{"line":64,"column":8},"end":{"line":66,"column":11}},"29":{"start":{"line":65,"column":12},"end":{"line":65,"column":48}}},"fnMap":{"0":{"name":"(anonymous_0)","decl":{"start":{"line":20,"column":20},"end":{"line":20,"column":21}},"loc":{"start":{"line":20,"column":40},"end":{"line":34,"column":1}},"line":20},"1":{"name":"(anonymous_1)","decl":{"start":{"line":36,"column":27},"end":{"line":36,"column":28}},"loc":{"start":{"line":36,"column":47},"end":{"line":38,"column":1}},"line":36},"2":{"name":"(anonymous_2)","decl":{"start":{"line":40,"column":26},"end":{"line":40,"column":27}},"loc":{"start":{"line":40,"column":46},"end":{"line":48,"column":1}},"line":40},"3":{"name":"(anonymous_3)","decl":{"start":{"line":50,"column":27},"end":{"line":50,"column":28}},"loc":{"start":{"line":50,"column":47},"end":{"line":55,"column":1}},"line":50},"4":{"name":"(anonymous_4)","decl":{"start":{"line":63,"column":13},"end":{"line":63,"column":14}},"loc":{"start":{"line":63,"column":23},"end":{"line":67,"column":5}},"line":63},"5":{"name":"(anonymous_5)","decl":{"start":{"line":64,"column":25},"end":{"line":64,"column":26}},"loc":{"start":{"line":64,"column":31},"end":{"line":66,"column":9}},"line":64}},"branchMap":{},"s":{"0":1,"1":1,"2":1,"3":1,"4":1,"5":1,"6":1,"7":1,"8":1,"9":1,"10":1,"11":1,"12":1,"13":1,"14":1,"15":0,"16":1,"17":2,"18":1,"19":1,"20":1,"21":1,"22":0,"23":1,"24":0,"25":1,"26":1,"27":1,"28":0,"29":0},"f":{"0":1,"1":2,"2":1,"3":0,"4":0,"5":0},"b":{},"_coverageSchema":"1a1c01bbd47fc00a2c39e90264f33305004495a9","hash":"b68f9ee57f8618c46613ac92528d341ee80d2f99"}
,"/home/mohammad/class_addvance/bearer-auth/src/auth/middleware/basic.js": {"path":"/home/mohammad/class_addvance/bearer-auth/src/auth/middleware/basic.js","statementMap":{"0":{"start":{"line":3,"column":15},"end":{"line":3,"column":33}},"1":{"start":{"line":4,"column":14},"end":{"line":4,"column":43}},"2":{"start":{"line":7,"column":4},"end":{"line":22,"column":5}},"3":{"start":{"line":8,"column":31},"end":{"line":8,"column":67}},"4":{"start":{"line":9,"column":27},"end":{"line":9,"column":49}},"5":{"start":{"line":10,"column":27},"end":{"line":10,"column":54}},"6":{"start":{"line":11,"column":35},"end":{"line":11,"column":58}},"7":{"start":{"line":12,"column":8},"end":{"line":21,"column":14}},"8":{"start":{"line":14,"column":16},"end":{"line":14,"column":37}},"9":{"start":{"line":15,"column":16},"end":{"line":15,"column":67}},"10":{"start":{"line":16,"column":16},"end":{"line":16,"column":23}},"11":{"start":{"line":19,"column":16},"end":{"line":19,"column":37}},"12":{"start":{"line":25,"column":0},"end":{"line":25,"column":23}}},"fnMap":{"0":{"name":"basic","decl":{"start":{"line":6,"column":9},"end":{"line":6,"column":14}},"loc":{"start":{"line":6,"column":31},"end":{"line":23,"column":1}},"line":6},"1":{"name":"(anonymous_1)","decl":{"start":{"line":13,"column":18},"end":{"line":13,"column":19}},"loc":{"start":{"line":13,"column":33},"end":{"line":17,"column":13}},"line":13},"2":{"name":"(anonymous_2)","decl":{"start":{"line":18,"column":20},"end":{"line":18,"column":21}},"loc":{"start":{"line":18,"column":26},"end":{"line":20,"column":13}},"line":18}},"branchMap":{"0":{"loc":{"start":{"line":7,"column":4},"end":{"line":22,"column":5}},"type":"if","locations":[{"start":{"line":7,"column":4},"end":{"line":22,"column":5}},{"start":{},"end":{}}],"line":7}},"s":{"0":1,"1":1,"2":4,"3":4,"4":4,"5":4,"6":4,"7":4,"8":2,"9":2,"10":2,"11":2,"12":1},"f":{"0":4,"1":2,"2":2},"b":{"0":[4,0]},"_coverageSchema":"1a1c01bbd47fc00a2c39e90264f33305004495a9","hash":"628ebc916ef05eea717e4548d536917e4115f812"}
,"/home/mohammad/class_addvance/bearer-auth/src/auth/middleware/bearer.js": {"path":"/home/mohammad/class_addvance/bearer-auth/src/auth/middleware/bearer.js","statementMap":{"0":{"start":{"line":3,"column":14},"end":{"line":3,"column":40}},"1":{"start":{"line":6,"column":4},"end":{"line":17,"column":5}},"2":{"start":{"line":7,"column":28},"end":{"line":7,"column":67}},"3":{"start":{"line":8,"column":8},"end":{"line":16,"column":14}},"4":{"start":{"line":10,"column":16},"end":{"line":10,"column":36}},"5":{"start":{"line":11,"column":16},"end":{"line":11,"column":23}},"6":{"start":{"line":14,"column":16},"end":{"line":14,"column":38}},"7":{"start":{"line":20,"column":0},"end":{"line":20,"column":24}}},"fnMap":{"0":{"name":"bearer","decl":{"start":{"line":5,"column":9},"end":{"line":5,"column":15}},"loc":{"start":{"line":5,"column":32},"end":{"line":18,"column":1}},"line":5},"1":{"name":"(anonymous_1)","decl":{"start":{"line":9,"column":18},"end":{"line":9,"column":19}},"loc":{"start":{"line":9,"column":32},"end":{"line":12,"column":13}},"line":9},"2":{"name":"(anonymous_2)","decl":{"start":{"line":13,"column":20},"end":{"line":13,"column":21}},"loc":{"start":{"line":13,"column":26},"end":{"line":15,"column":13}},"line":13}},"branchMap":{"0":{"loc":{"start":{"line":6,"column":4},"end":{"line":17,"column":5}},"type":"if","locations":[{"start":{"line":6,"column":4},"end":{"line":17,"column":5}},{"start":{},"end":{}}],"line":6}},"s":{"0":1,"1":1,"2":1,"3":1,"4":1,"5":1,"6":0,"7":1},"f":{"0":1,"1":1,"2":0},"b":{"0":[1,0]},"_coverageSchema":"1a1c01bbd47fc00a2c39e90264f33305004495a9","hash":"e0291c747f4b478d998d928c90b322dd1bb9ad74"}
,"/home/mohammad/class_addvance/bearer-auth/src/auth/models/index.js": {"path":"/home/mohammad/class_addvance/bearer-auth/src/auth/models/index.js","statementMap":{"0":{"start":{"line":3,"column":0},"end":{"line":3,"column":27}},"1":{"start":{"line":4,"column":33},"end":{"line":4,"column":53}},"2":{"start":{"line":5,"column":21},"end":{"line":5,"column":98}},"3":{"start":{"line":9,"column":4},"end":{"line":18,"column":14}},"4":{"start":{"line":20,"column":16},"end":{"line":20,"column":61}},"5":{"start":{"line":22,"column":0},"end":{"line":22,"column":42}}},"fnMap":{},"branchMap":{"0":{"loc":{"start":{"line":5,"column":21},"end":{"line":5,"column":98}},"type":"cond-expr","locations":[{"start":{"line":5,"column":55},"end":{"line":5,"column":71}},{"start":{"line":5,"column":74},"end":{"line":5,"column":98}}],"line":5},"1":{"loc":{"start":{"line":9,"column":4},"end":{"line":18,"column":14}},"type":"cond-expr","locations":[{"start":{"line":11,"column":8},"end":{"line":18,"column":9}},{"start":{"line":18,"column":12},"end":{"line":18,"column":14}}],"line":9}},"s":{"0":1,"1":1,"2":1,"3":1,"4":1,"5":1},"f":{},"b":{"0":[1,0],"1":[0,1]},"_coverageSchema":"1a1c01bbd47fc00a2c39e90264f33305004495a9","hash":"3723e1c0200bdcfc8064f088bcbe14137b170109"}
,"/home/mohammad/class_addvance/bearer-auth/src/auth/models/users.js": {"path":"/home/mohammad/class_addvance/bearer-auth/src/auth/models/users.js","statementMap":{"0":{"start":{"line":3,"column":0},"end":{"line":3,"column":27}},"1":{"start":{"line":5,"column":15},"end":{"line":5,"column":32}},"2":{"start":{"line":6,"column":12},"end":{"line":6,"column":35}},"3":{"start":{"line":7,"column":33},"end":{"line":7,"column":51}},"4":{"start":{"line":8,"column":15},"end":{"line":8,"column":51}},"5":{"start":{"line":10,"column":14},"end":{"line":23,"column":2}},"6":{"start":{"line":25,"column":0},"end":{"line":37,"column":1}},"7":{"start":{"line":26,"column":17},"end":{"line":26,"column":71}},"8":{"start":{"line":27,"column":18},"end":{"line":27,"column":63}},"9":{"start":{"line":28,"column":4},"end":{"line":36,"column":5}},"10":{"start":{"line":29,"column":23},"end":{"line":29,"column":68}},"11":{"start":{"line":30,"column":8},"end":{"line":30,"column":58}},"12":{"start":{"line":31,"column":8},"end":{"line":31,"column":30}},"13":{"start":{"line":32,"column":8},"end":{"line":32,"column":20}},"14":{"start":{"line":35,"column":8},"end":{"line":35,"column":40}},"15":{"start":{"line":39,"column":0},"end":{"line":50,"column":1}},"16":{"start":{"line":40,"column":24},"end":{"line":40,"column":49}},"17":{"start":{"line":41,"column":4},"end":{"line":41,"column":63}},"18":{"start":{"line":43,"column":17},"end":{"line":43,"column":83}},"19":{"start":{"line":44,"column":4},"end":{"line":49,"column":5}},"20":{"start":{"line":45,"column":8},"end":{"line":45,"column":20}},"21":{"start":{"line":48,"column":8},"end":{"line":48,"column":41}},"22":{"start":{"line":52,"column":0},"end":{"line":52,"column":23}}},"fnMap":{"0":{"name":"(anonymous_0)","decl":{"start":{"line":25,"column":26},"end":{"line":25,"column":27}},"loc":{"start":{"line":25,"column":62},"end":{"line":37,"column":1}},"line":25},"1":{"name":"(anonymous_1)","decl":{"start":{"line":39,"column":27},"end":{"line":39,"column":28}},"loc":{"start":{"line":39,"column":50},"end":{"line":50,"column":1}},"line":39}},"branchMap":{"0":{"loc":{"start":{"line":8,"column":15},"end":{"line":8,"column":51}},"type":"binary-expr","locations":[{"start":{"line":8,"column":15},"end":{"line":8,"column":37}},{"start":{"line":8,"column":41},"end":{"line":8,"column":51}}],"line":8},"1":{"loc":{"start":{"line":28,"column":4},"end":{"line":36,"column":5}},"type":"if","locations":[{"start":{"line":28,"column":4},"end":{"line":36,"column":5}},{"start":{"line":34,"column":9},"end":{"line":36,"column":5}}],"line":28},"2":{"loc":{"start":{"line":44,"column":4},"end":{"line":49,"column":5}},"type":"if","locations":[{"start":{"line":44,"column":4},"end":{"line":49,"column":5}},{"start":{"line":47,"column":9},"end":{"line":49,"column":5}}],"line":44}},"s":{"0":1,"1":1,"2":1,"3":1,"4":1,"5":1,"6":1,"7":4,"8":4,"9":2,"10":2,"11":2,"12":2,"13":2,"14":0,"15":1,"16":1,"17":1,"18":1,"19":1,"20":1,"21":0,"22":1},"f":{"0":4,"1":1},"b":{"0":[1,0],"1":[2,0],"2":[1,0]},"_coverageSchema":"1a1c01bbd47fc00a2c39e90264f33305004495a9","hash":"d6ac02a17f3ca609b60903c241252f28f391427b"}
,"/home/mohammad/class_addvance/bearer-auth/src/error/404.js": {"path":"/home/mohammad/class_addvance/bearer-auth/src/error/404.js","statementMap":{"0":{"start":{"line":3,"column":0},"end":{"line":10,"column":2}},"1":{"start":{"line":4,"column":16},"end":{"line":4,"column":47}},"2":{"start":{"line":5,"column":4},"end":{"line":5,"column":25}},"3":{"start":{"line":6,"column":4},"end":{"line":6,"column":36}},"4":{"start":{"line":7,"column":4},"end":{"line":7,"column":54}},"5":{"start":{"line":8,"column":4},"end":{"line":8,"column":37}},"6":{"start":{"line":9,"column":4},"end":{"line":9,"column":14}}},"fnMap":{"0":{"name":"(anonymous_0)","decl":{"start":{"line":3,"column":17},"end":{"line":3,"column":18}},"loc":{"start":{"line":3,"column":37},"end":{"line":10,"column":1}},"line":3}},"branchMap":{},"s":{"0":1,"1":0,"2":0,"3":0,"4":0,"5":0,"6":0},"f":{"0":0},"b":{},"_coverageSchema":"1a1c01bbd47fc00a2c39e90264f33305004495a9","hash":"653123f76124deff5ee0cd6c0e56234fce2b83f1"}
,"/home/mohammad/class_addvance/bearer-auth/src/error/500.js": {"path":"/home/mohammad/class_addvance/bearer-auth/src/error/500.js","statementMap":{"0":{"start":{"line":3,"column":0},"end":{"line":10,"column":2}},"1":{"start":{"line":4,"column":16},"end":{"line":4,"column":45}},"2":{"start":{"line":5,"column":4},"end":{"line":5,"column":39}},"3":{"start":{"line":6,"column":4},"end":{"line":6,"column":60}},"4":{"start":{"line":7,"column":4},"end":{"line":7,"column":54}},"5":{"start":{"line":8,"column":4},"end":{"line":8,"column":37}},"6":{"start":{"line":9,"column":4},"end":{"line":9,"column":14}}},"fnMap":{"0":{"name":"(anonymous_0)","decl":{"start":{"line":3,"column":17},"end":{"line":3,"column":18}},"loc":{"start":{"line":3,"column":42},"end":{"line":10,"column":1}},"line":3}},"branchMap":{"0":{"loc":{"start":{"line":4,"column":25},"end":{"line":4,"column":43}},"type":"binary-expr","locations":[{"start":{"line":4,"column":25},"end":{"line":4,"column":36}},{"start":{"line":4,"column":40},"end":{"line":4,"column":43}}],"line":4},"1":{"loc":{"start":{"line":5,"column":21},"end":{"line":5,"column":38}},"type":"binary-expr","locations":[{"start":{"line":5,"column":21},"end":{"line":5,"column":31}},{"start":{"line":5,"column":35},"end":{"line":5,"column":38}}],"line":5},"2":{"loc":{"start":{"line":6,"column":24},"end":{"line":6,"column":59}},"type":"binary-expr","locations":[{"start":{"line":6,"column":24},"end":{"line":6,"column":41}},{"start":{"line":6,"column":45},"end":{"line":6,"column":59}}],"line":6}},"s":{"0":1,"1":2,"2":2,"3":2,"4":2,"5":2,"6":2},"f":{"0":2},"b":{"0":[2,2],"1":[2,2],"2":[2,2]},"_coverageSchema":"1a1c01bbd47fc00a2c39e90264f33305004495a9","hash":"bfeb38b66a64d351e3fc5151807271a05c1aa1c7"}
}
