TN:
SF:src/server.js
FN:20,(anonymous_0)
FN:36,(anonymous_1)
FN:40,(anonymous_2)
FN:50,(anonymous_3)
FN:63,(anonymous_4)
FN:64,(anonymous_5)
FNF:6
FNH:3
FNDA:1,(anonymous_0)
FNDA:2,(anonymous_1)
FNDA:1,(anonymous_2)
FNDA:0,(anonymous_3)
FNDA:0,(anonymous_4)
FNDA:0,(anonymous_5)
DA:3,1
DA:4,1
DA:8,1
DA:9,1
DA:12,1
DA:13,1
DA:14,1
DA:15,1
DA:16,1
DA:20,1
DA:21,1
DA:22,1
DA:23,1
DA:25,1
DA:29,1
DA:32,0
DA:36,1
DA:37,2
DA:40,1
DA:41,1
DA:42,1
DA:43,1
DA:46,0
DA:50,1
DA:51,0
DA:58,1
DA:59,1
DA:61,1
DA:64,0
DA:65,0
LF:30
LH:25
BRF:0
BRH:0
end_of_record
TN:
SF:src/auth/middleware/basic.js
FN:6,basic
FN:13,(anonymous_1)
FN:18,(anonymous_2)
FNF:3
FNH:3
FNDA:4,basic
FNDA:2,(anonymous_1)
FNDA:2,(anonymous_2)
DA:3,1
DA:4,1
DA:7,4
DA:8,4
DA:9,4
DA:10,4
DA:11,4
DA:12,4
DA:14,2
DA:15,2
DA:16,2
DA:19,2
DA:25,1
LF:13
LH:13
BRDA:7,0,0,4
BRDA:7,0,1,0
BRF:2
BRH:1
end_of_record
TN:
SF:src/auth/middleware/bearer.js
FN:5,bearer
FN:9,(anonymous_1)
FN:13,(anonymous_2)
FNF:3
FNH:2
FNDA:1,bearer
FNDA:1,(anonymous_1)
FNDA:0,(anonymous_2)
DA:3,1
DA:6,1
DA:7,1
DA:8,1
DA:10,1
DA:11,1
DA:14,0
DA:20,1
LF:8
LH:7
BRDA:6,0,0,1
BRDA:6,0,1,0
BRF:2
BRH:1
end_of_record
TN:
SF:src/auth/models/index.js
FNF:0
FNH:0
DA:3,1
DA:4,1
DA:5,1
DA:9,1
DA:20,1
DA:22,1
LF:6
LH:6
BRDA:5,0,0,1
BRDA:5,0,1,0
BRDA:9,1,0,0
BRDA:9,1,1,1
BRF:4
BRH:2
end_of_record
TN:
SF:src/auth/models/users.js
FN:25,(anonymous_0)
FN:39,(anonymous_1)
FNF:2
FNH:2
FNDA:4,(anonymous_0)
FNDA:1,(anonymous_1)
DA:3,1
DA:5,1
DA:6,1
DA:7,1
DA:8,1
DA:10,1
DA:25,1
DA:26,4
DA:27,4
DA:28,2
DA:29,2
DA:30,2
DA:31,2
DA:32,2
DA:35,0
DA:39,1
DA:40,1
DA:41,1
DA:43,1
DA:44,1
DA:45,1
DA:48,0
DA:52,1
LF:23
LH:21
BRDA:8,0,0,1
BRDA:8,0,1,0
BRDA:28,1,0,2
BRDA:28,1,1,0
BRDA:44,2,0,1
BRDA:44,2,1,0
BRF:6
BRH:3
end_of_record
TN:
SF:src/error/404.js
FN:3,(anonymous_0)
FNF:1
FNH:0
FNDA:0,(anonymous_0)
DA:3,1
DA:4,0
DA:5,0
DA:6,0
DA:7,0
DA:8,0
DA:9,0
LF:7
LH:1
BRF:0
BRH:0
end_of_record
TN:
SF:src/error/500.js
FN:3,(anonymous_0)
FNF:1
FNH:1
FNDA:2,(anonymous_0)
DA:3,1
DA:4,2
DA:5,2
DA:6,2
DA:7,2
DA:8,2
DA:9,2
LF:7
LH:7
BRDA:4,0,0,2
BRDA:4,0,1,2
BRDA:5,1,0,2
BRDA:5,1,1,2
BRDA:6,2,0,2
BRDA:6,2,1,2
BRF:6
BRH:6
end_of_record
